The system is: Windows - 10.0.19045 - AMD64
Compiling the C compiler identification source file "CMakeCCompilerId.c" succeeded.
Compiler: C:/Program Files (x86)/Microsoft Visual Studio/2019/BuildTools/VC/Tools/MSVC/14.24.28314/bin/Hostx86/x86/cl.exe 
Build flags: 
Id flags:  

The output was:
0
x86용 Microsoft (R) C/C++ 최적화 컴파일러 버전 19.24.28325
Copyright (c) Microsoft Corporation. All rights reserved.

CMakeCCompilerId.c
Microsoft (R) Incremental Linker Version 14.24.28325.0
Copyright (C) Microsoft Corporation.  All rights reserved.

/out:CMakeCCompilerId.exe 
CMakeCCompilerId.obj 


Compilation of the C compiler identification source "CMakeCCompilerId.c" produced "CMakeCCompilerId.exe"

Compilation of the C compiler identification source "CMakeCCompilerId.c" produced "CMakeCCompilerId.obj"

The C compiler identification is MSVC, found in "C:/Users/ykp74_desk/Documents/_Pico/work/build/elf2uf2/CMakeFiles/3.19.3/CompilerIdC/CMakeCCompilerId.exe"

Compiling the CXX compiler identification source file "CMakeCXXCompilerId.cpp" succeeded.
Compiler: C:/Program Files (x86)/Microsoft Visual Studio/2019/BuildTools/VC/Tools/MSVC/14.24.28314/bin/Hostx86/x86/cl.exe 
Build flags: 
Id flags:  

The output was:
0
x86용 Microsoft (R) C/C++ 최적화 컴파일러 버전 19.24.28325
Copyright (c) Microsoft Corporation. All rights reserved.

CMakeCXXCompilerId.cpp
Microsoft (R) Incremental Linker Version 14.24.28325.0
Copyright (C) Microsoft Corporation.  All rights reserved.

/out:CMakeCXXCompilerId.exe 
CMakeCXXCompilerId.obj 


Compilation of the CXX compiler identification source "CMakeCXXCompilerId.cpp" produced "CMakeCXXCompilerId.exe"

Compilation of the CXX compiler identification source "CMakeCXXCompilerId.cpp" produced "CMakeCXXCompilerId.obj"

The CXX compiler identification is MSVC, found in "C:/Users/ykp74_desk/Documents/_Pico/work/build/elf2uf2/CMakeFiles/3.19.3/CompilerIdCXX/CMakeCXXCompilerId.exe"

Detecting C compiler ABI info compiled with the following output:
Change Dir: C:/Users/ykp74_desk/Documents/_Pico/work/build/elf2uf2/CMakeFiles/CMakeTmp

Run Build Command(s):nmake /nologo cmTC_4342f\fast && 	"C:\Program Files (x86)\Microsoft Visual Studio\2019\BuildTools\VC\Tools\MSVC\14.24.28314\bin\HostX86\x86\nmake.exe"  -f CMakeFiles\cmTC_4342f.dir\build.make /nologo -L                  CMakeFiles\cmTC_4342f.dir\build
Building C object CMakeFiles/cmTC_4342f.dir/CMakeCCompilerABI.c.obj
	C:\PROGRA~2\MICROS~2\2019\BUILDT~1\VC\Tools\MSVC\1424~1.283\bin\Hostx86\x86\cl.exe @C:\Users\YKP74_~1\AppData\Local\Temp\nmCA67.tmp
CMakeCCompilerABI.c
Linking C executable cmTC_4342f.exe
	"C:\Program Files\CMake\bin\cmake.exe" -E vs_link_exe --intdir=CMakeFiles\cmTC_4342f.dir --rc=C:\PROGRA~2\WI3CF2~1\10\bin\100183~1.0\x86\rc.exe --mt=C:\PROGRA~2\WI3CF2~1\10\bin\100183~1.0\x86\mt.exe --manifests -- C:\PROGRA~2\MICROS~2\2019\BUILDT~1\VC\Tools\MSVC\1424~1.283\bin\Hostx86\x86\link.exe /nologo @CMakeFiles\cmTC_4342f.dir\objects1.rsp @C:\Users\YKP74_~1\AppData\Local\Temp\nmCBC0.tmp



Detecting CXX compiler ABI info compiled with the following output:
Change Dir: C:/Users/ykp74_desk/Documents/_Pico/work/build/elf2uf2/CMakeFiles/CMakeTmp

Run Build Command(s):nmake /nologo cmTC_91c37\fast && 	"C:\Program Files (x86)\Microsoft Visual Studio\2019\BuildTools\VC\Tools\MSVC\14.24.28314\bin\HostX86\x86\nmake.exe"  -f CMakeFiles\cmTC_91c37.dir\build.make /nologo -L                  CMakeFiles\cmTC_91c37.dir\build
Building CXX object CMakeFiles/cmTC_91c37.dir/CMakeCXXCompilerABI.cpp.obj
	C:\PROGRA~2\MICROS~2\2019\BUILDT~1\VC\Tools\MSVC\1424~1.283\bin\Hostx86\x86\cl.exe @C:\Users\YKP74_~1\AppData\Local\Temp\nmCDB3.tmp
CMakeCXXCompilerABI.cpp
Linking CXX executable cmTC_91c37.exe
	"C:\Program Files\CMake\bin\cmake.exe" -E vs_link_exe --intdir=CMakeFiles\cmTC_91c37.dir --rc=C:\PROGRA~2\WI3CF2~1\10\bin\100183~1.0\x86\rc.exe --mt=C:\PROGRA~2\WI3CF2~1\10\bin\100183~1.0\x86\mt.exe --manifests -- C:\PROGRA~2\MICROS~2\2019\BUILDT~1\VC\Tools\MSVC\1424~1.283\bin\Hostx86\x86\link.exe /nologo @CMakeFiles\cmTC_91c37.dir\objects1.rsp @C:\Users\YKP74_~1\AppData\Local\Temp\nmCE02.tmp



